<?xml version="1.0" encoding="UTF-8"?>
<testng-results ignored="0" total="1" passed="1" failed="0" skipped="0">
  <reporter-output>
  </reporter-output>
  <suite started-at="2024-12-19T15:07:19 IST" name="Suite" finished-at="2024-12-19T15:07:31 IST" duration-ms="11972">
    <groups>
      <group name="Sanity">
        <method signature="TC001_LoginPage.testLoginPage()[pri:0, instance:testCases.TC001_LoginPage@4c550889]" name="testLoginPage" class="testCases.TC001_LoginPage"/>
      </group> <!-- Sanity -->
    </groups>
    <test started-at="2024-12-19T15:07:19 IST" name="Test" finished-at="2024-12-19T15:07:31 IST" duration-ms="11972">
      <class name="testCases.TC001_LoginPage">
        <test-method is-config="true" signature="openApp(java.lang.String,java.lang.String)[pri:0, instance:testCases.TC001_LoginPage@4c550889]" started-at="2024-12-19T15:07:20 IST" name="openApp" finished-at="2024-12-19T15:07:26 IST" duration-ms="6044" status="PASS">
          <params>
            <param index="0">
              <value>
                <![CDATA[mac]]>
              </value>
            </param>
            <param index="1">
              <value>
                <![CDATA[chrome]]>
              </value>
            </param>
          </params>
          <reporter-output>
          </reporter-output>
        </test-method> <!-- openApp -->
        <test-method signature="testLoginPage()[pri:0, instance:testCases.TC001_LoginPage@4c550889]" started-at="2024-12-19T15:07:26 IST" name="testLoginPage" finished-at="2024-12-19T15:07:31 IST" duration-ms="5280" status="PASS">
          <reporter-output>
          </reporter-output>
        </test-method> <!-- testLoginPage -->
        <test-method is-config="true" signature="tearDown()[pri:0, instance:testCases.TC001_LoginPage@4c550889]" started-at="2024-12-19T15:07:31 IST" name="tearDown" finished-at="2024-12-19T15:07:31 IST" duration-ms="277" status="PASS">
          <reporter-output>
          </reporter-output>
        </test-method> <!-- tearDown -->
      </class> <!-- testCases.TC001_LoginPage -->
    </test> <!-- Test -->
  </suite> <!-- Suite -->
</testng-results>
